<?xml version="1.0" encoding="UTF-8"?>
<!-- Generated by org.testng.reporters.JUnitReportReporter -->
<testsuite hostname="DESKTOP-0T2B9NV" failures="0" tests="1" name="com.automation.Base.Webtables" time="4.437" errors="0" timestamp="2021-11-19T00:33:13 EST" skipped="0">
  <testcase classname="com.automation.Base.Webtables" name="tables" time="4.437"/>
  <system-out/>
</testsuite> <!-- com.automation.Base.Webtables -->
