<?xml version="1.0" encoding="UTF-8"?>
<!-- Generated by org.testng.reporters.JUnitReportReporter -->
<testsuite hostname="DESKTOP-0T2B9NV" failures="0" tests="6" name="com.automation.Base.Description" time="0.012" errors="0" timestamp="2021-11-18T10:59:50 EST" skipped="0">
  <testcase classname="com.automation.Base.Description" name="signup" time="0.007"/>
  <system-out/>
  <testcase classname="com.automation.Base.Description" name="login" time="0.001"/>
  <system-out/>
  <testcase classname="com.automation.Base.Description" name="searchproduct" time="0.001"/>
  <system-out/>
  <testcase classname="com.automation.Base.Description" name="addtocart" time="0.001"/>
  <system-out/>
  <testcase classname="com.automation.Base.Description" name="payment" time="0.001"/>
  <system-out/>
  <testcase classname="com.automation.Base.Description" name="signout" time="0.001"/>
  <system-out/>
</testsuite> <!-- com.automation.Base.Description -->
