<?xml version="1.0" encoding="UTF-8"?>
<!-- Generated by org.testng.reporters.JUnitReportReporter -->
<testsuite hostname="DESKTOP-0T2B9NV" failures="0" tests="2" name="com.automation.Base.Base" time="0.013" errors="0" timestamp="2021-11-19T00:34:04 EST" skipped="0">
  <testcase classname="com.automation.Base.Base" name="test3" time="0.010"/>
  <system-out/>
  <testcase classname="com.automation.Base.Base" name="test6" time="0.003"/>
  <system-out/>
</testsuite> <!-- com.automation.Base.Base -->
