<?xml version="1.0" encoding="UTF-8"?>
<!-- Generated by org.testng.reporters.JUnitReportReporter -->
<testsuite hostname="DESKTOP-0T2B9NV" failures="0" tests="6" name="com.automation.Base.Dependon" time="0.010" errors="0" timestamp="2021-11-18T10:54:07 EST" skipped="0">
  <testcase classname="com.automation.Base.Dependon" name="signup" time="0.007"/>
  <system-out/>
  <testcase classname="com.automation.Base.Dependon" name="login" time="0.001"/>
  <system-out/>
  <testcase classname="com.automation.Base.Dependon" name="searchproduct" time="0.000"/>
  <system-out/>
  <testcase classname="com.automation.Base.Dependon" name="addtocart" time="0.001"/>
  <system-out/>
  <testcase classname="com.automation.Base.Dependon" name="payment" time="0.001"/>
  <system-out/>
  <testcase classname="com.automation.Base.Dependon" name="signout" time="0.000"/>
  <system-out/>
</testsuite> <!-- com.automation.Base.Dependon -->
