<?xml version="1.0" encoding="UTF-8"?>
<!-- Generated by org.testng.reporters.JUnitReportReporter -->
<testsuite hostname="DESKTOP-0T2B9NV" failures="0" tests="6" name="com.automation.Base.TestNG_priority" time="0.018" errors="0" timestamp="2021-11-23T00:41:33 EST" skipped="0">
  <testcase classname="com.automation.Base.TestNG_priority" name="signup" time="0.012"/>
  <system-out/>
  <testcase classname="com.automation.Base.TestNG_priority" name="login" time="0.001"/>
  <system-out/>
  <testcase classname="com.automation.Base.TestNG_priority" name="searchproduct" time="0.001"/>
  <system-out/>
  <testcase classname="com.automation.Base.TestNG_priority" name="addtocart" time="0.002"/>
  <system-out/>
  <testcase classname="com.automation.Base.TestNG_priority" name="payment" time="0.001"/>
  <system-out/>
  <testcase classname="com.automation.Base.TestNG_priority" name="signout" time="0.001"/>
  <system-out/>
</testsuite> <!-- com.automation.Base.TestNG_priority -->
